<?xml version="1.0" encoding="UTF-8"?>
<!-- Generated by org.testng.reporters.JUnitReportReporter -->
<testsuite hostname="EGY-IsraaQC" failures="0" tests="2" name="API.Add_Employee" time="2.611" errors="0" timestamp="2024-10-05T23:50:35 AST" skipped="0">
  <testcase classname="API.Add_Employee" name="Create_New_Employee" time="2.082"/>
  <system-out/>
  <testcase classname="API.Add_Employee" name="validate_Employee_Created" time="0.529"/>
  <system-out/>
</testsuite> <!-- API.Add_Employee -->
