<?xml version="1.0" encoding="UTF-8"?>
<!-- Generated by org.testng.reporters.JUnitReportReporter -->
<testsuite hostname="EGY-IsraaQC" failures="0" tests="2" name="API.Personal_Details" time="2.981" errors="0" timestamp="2024-10-06T01:02:47 AST" skipped="0">
  <testcase classname="API.Personal_Details" name="validate_Employee_Updated" time="0.003"/>
  <system-out/>
  <testcase classname="API.Personal_Details" name="Update_Employee" time="2.978"/>
  <system-out/>
</testsuite> <!-- API.Personal_Details -->
